        -:    0:Source:cardtest2.c
        -:    0:Graph:cardtest2.gcno
        -:    0:Data:cardtest2.gcda
        -:    0:Runs:1
        -:    0:Programs:1
        -:    1://Card test for the Smithy function
        -:    2:
        -:    3:#include "dominion.h"
        -:    4:#include <stdio.h>
        -:    5:
        -:    6://Function to output if the test I did passed or failed
        2:    7:void Pass_Fail(int check)
        -:    8:{
        2:    9:	if(check == 0)
        -:   10:	{
        1:   11:		printf("Test PASSED succesfuly!\n");
        -:   12:	}
        -:   13:	else
        1:   14:		printf("TEST FAILED");
        2:   15:}
        -:   16:
        -:   17://unit test function for the smithy card
        1:   18:void Smith()
        -:   19:{
        -:   20://Random seed
        1:   21:int seed = 500;
        -:   22:struct gameState game;
        -:   23://Cards needed for initialization
        1:   24:int cards[27] = {curse, estate, duchy, province, copper, silver, gold, adventurer, council_room, feast, gardens, mine, remodel, smithy, village, baron, great_hall, minion, steward, tribute, ambassador, cutpurse, embargo, outpost, salvager, sea_hag, treasure_map};
        -:   25://Initialize the game
        1:   26:initializeGame(2, cards, seed, &game);
        -:   27:
        1:   28:	printf("\n\nCARD TEST 2 SMITHY-----------------------------------------------\n\n");
        -:   29:	//Check how many cards are in the hand and then run the smithy function
        1:   30:	printf("\nChecking to see how many cards are in the hand initially\n");
        1:   31:	printf("Number of cards in players hand: %d\n", game.handCount[1]);
        1:   32:	int	temp1 = game.handCount[1];
        1:   33:	printf("\nChecking to see if the smithy card will run succesfully:\n");
        1:   34:	int rand = smithy_func(1, &game, 0);
        -:   35:	//Check if it passed or failed
        1:   36:	Pass_Fail(rand);
        -:   37:	//Check to see if the new number of cards is correct
        1:   38:	printf("\nChecking to see if the amount of cards has increased by 2 (Should only increase by 2 because of the smithy card being discarded)\n");
        1:   39:	printf("Number of cards in players hand: %d\n", game.handCount[1]);
        -:   40:		//If the amount of cards is too high print a failed run.
        1:   41:		if(game.handCount[1] > temp1+2)
        -:   42:		{
        1:   43:		Pass_Fail(1);
        -:   44:		}
        1:   45:	printf("\n\nCARD TEST 2 SMITHY END-------------------------------------------\n\n");
        1:   46:}
        -:   47:
        1:   48:int main()
        -:   49:{
        1:   50:Smith();
        1:   51:return 0;
        -:   52:}
